ts=2020-09-18T15:17:59.612521461Z caller=main.go:219 msg="Starting Prometheus Operator version '0.42.0'."
ts=2020-09-18T15:17:59.619436238Z caller=main.go:105 msg="Starting insecure server on [::]:8080"
level=info ts=2020-09-18T15:17:59.70773346Z caller=operator.go:310 component=thanosoperator msg="connection established" cluster-version=v1.18.8
level=info ts=2020-09-18T15:17:59.708172781Z caller=operator.go:319 component=thanosoperator msg="CRD API endpoints ready"
level=info ts=2020-09-18T15:17:59.708233687Z caller=operator.go:204 component=alertmanageroperator msg="connection established" cluster-version=v1.18.8
level=info ts=2020-09-18T15:17:59.708276547Z caller=operator.go:213 component=alertmanageroperator msg="CRD API endpoints ready"
level=info ts=2020-09-18T15:17:59.707922166Z caller=operator.go:512 component=prometheusoperator msg="connection established" cluster-version=v1.18.8
level=info ts=2020-09-18T15:17:59.709254693Z caller=operator.go:521 component=prometheusoperator msg="CRD API endpoints ready"
E0918 15:17:59.811384       1 reflector.go:178] pkg/mod/k8s.io/client-go@v0.18.3/tools/cache/reflector.go:125: Failed to list *v1.Probe: probes.monitoring.coreos.com is forbidden: User "system:serviceaccount:monitoring:prometheus-operator" cannot list resource "probes" in API group "monitoring.coreos.com" at the cluster scope
level=info ts=2020-09-18T15:18:00.309548256Z caller=operator.go:271 component=thanosoperator msg="successfully synced all caches"
level=info ts=2020-09-18T15:18:00.310395356Z caller=operator.go:175 component=alertmanageroperator msg="successfully synced all caches"
E0918 15:18:00.963549       1 reflector.go:178] pkg/mod/k8s.io/client-go@v0.18.3/tools/cache/reflector.go:125: Failed to list *v1.Probe: probes.monitoring.coreos.com is forbidden: User "system:serviceaccount:monitoring:prometheus-operator" cannot list resource "probes" in API group "monitoring.coreos.com" at the cluster scope
level=info ts=2020-09-18T15:18:01.702591662Z caller=operator.go:424 component=alertmanageroperator msg="sync alertmanager" key=monitoring/main
level=info ts=2020-09-18T15:18:02.014442855Z caller=operator.go:424 component=alertmanageroperator msg="sync alertmanager" key=monitoring/main
level=info ts=2020-09-18T15:18:02.811179764Z caller=operator.go:424 component=alertmanageroperator msg="sync alertmanager" key=monitoring/main
level=info ts=2020-09-18T15:18:02.868434537Z caller=operator.go:424 component=alertmanageroperator msg="sync alertmanager" key=monitoring/main
E0918 15:18:03.110638       1 reflector.go:178] pkg/mod/k8s.io/client-go@v0.18.3/tools/cache/reflector.go:125: Failed to list *v1.Probe: probes.monitoring.coreos.com is forbidden: User "system:serviceaccount:monitoring:prometheus-operator" cannot list resource "probes" in API group "monitoring.coreos.com" at the cluster scope
E0918 15:18:07.251005       1 reflector.go:178] pkg/mod/k8s.io/client-go@v0.18.3/tools/cache/reflector.go:125: Failed to list *v1.Probe: probes.monitoring.coreos.com is forbidden: User "system:serviceaccount:monitoring:prometheus-operator" cannot list resource "probes" in API group "monitoring.coreos.com" at the cluster scope
level=info ts=2020-09-18T15:18:07.748387611Z caller=operator.go:424 component=alertmanageroperator msg="sync alertmanager" key=monitoring/main
level=info ts=2020-09-18T15:18:07.774767618Z caller=operator.go:424 component=alertmanageroperator msg="sync alertmanager" key=monitoring/main
level=info ts=2020-09-18T15:18:09.452792857Z caller=operator.go:424 component=alertmanageroperator msg="sync alertmanager" key=monitoring/main
level=info ts=2020-09-18T15:18:09.471143425Z caller=operator.go:424 component=alertmanageroperator msg="sync alertmanager" key=monitoring/main
level=info ts=2020-09-18T15:18:10.030207343Z caller=operator.go:424 component=alertmanageroperator msg="sync alertmanager" key=monitoring/main
level=info ts=2020-09-18T15:18:10.047984123Z caller=operator.go:424 component=alertmanageroperator msg="sync alertmanager" key=monitoring/main
E0918 15:18:17.998569       1 reflector.go:178] pkg/mod/k8s.io/client-go@v0.18.3/tools/cache/reflector.go:125: Failed to list *v1.Probe: probes.monitoring.coreos.com is forbidden: User "system:serviceaccount:monitoring:prometheus-operator" cannot list resource "probes" in API group "monitoring.coreos.com" at the cluster scope
E0918 15:18:33.598028       1 reflector.go:178] pkg/mod/k8s.io/client-go@v0.18.3/tools/cache/reflector.go:125: Failed to list *v1.Probe: probes.monitoring.coreos.com is forbidden: User "system:serviceaccount:monitoring:prometheus-operator" cannot list resource "probes" in API group "monitoring.coreos.com" at the cluster scope
E0918 15:19:04.401173       1 reflector.go:178] pkg/mod/k8s.io/client-go@v0.18.3/tools/cache/reflector.go:125: Failed to list *v1.Probe: probes.monitoring.coreos.com is forbidden: User "system:serviceaccount:monitoring:prometheus-operator" cannot list resource "probes" in API group "monitoring.coreos.com" at the cluster scope
E0918 15:19:45.229270       1 reflector.go:178] pkg/mod/k8s.io/client-go@v0.18.3/tools/cache/reflector.go:125: Failed to list *v1.Probe: probes.monitoring.coreos.com is forbidden: User "system:serviceaccount:monitoring:prometheus-operator" cannot list resource "probes" in API group "monitoring.coreos.com" at the cluster scope
E0918 15:20:32.351314       1 reflector.go:178] pkg/mod/k8s.io/client-go@v0.18.3/tools/cache/reflector.go:125: Failed to list *v1.Probe: probes.monitoring.coreos.com is forbidden: User "system:serviceaccount:monitoring:prometheus-operator" cannot list resource "probes" in API group "monitoring.coreos.com" at the cluster scope
E0918 15:21:28.227825       1 reflector.go:178] pkg/mod/k8s.io/client-go@v0.18.3/tools/cache/reflector.go:125: Failed to list *v1.Probe: probes.monitoring.coreos.com is forbidden: User "system:serviceaccount:monitoring:prometheus-operator" cannot list resource "probes" in API group "monitoring.coreos.com" at the cluster scope
E0918 15:22:07.023176       1 reflector.go:178] pkg/mod/k8s.io/client-go@v0.18.3/tools/cache/reflector.go:125: Failed to list *v1.Probe: probes.monitoring.coreos.com is forbidden: User "system:serviceaccount:monitoring:prometheus-operator" cannot list resource "probes" in API group "monitoring.coreos.com" at the cluster scope
E0918 15:22:45.937583       1 reflector.go:178] pkg/mod/k8s.io/client-go@v0.18.3/tools/cache/reflector.go:125: Failed to list *v1.Probe: probes.monitoring.coreos.com is forbidden: User "system:serviceaccount:monitoring:prometheus-operator" cannot list resource "probes" in API group "monitoring.coreos.com" at the cluster scope
