ts=2020-09-16T15:55:30.531897123Z caller=main.go:219 msg="Starting Prometheus Operator version '0.42.0'."
ts=2020-09-16T15:55:30.627153847Z caller=main.go:105 msg="Starting insecure server on [::]:8080"
level=info ts=2020-09-16T15:55:30.722087867Z caller=operator.go:512 component=prometheusoperator msg="connection established" cluster-version=v1.18.8
level=info ts=2020-09-16T15:55:30.72215494Z caller=operator.go:521 component=prometheusoperator msg="CRD API endpoints ready"
level=info ts=2020-09-16T15:55:30.722310567Z caller=operator.go:310 component=thanosoperator msg="connection established" cluster-version=v1.18.8
level=info ts=2020-09-16T15:55:30.722937861Z caller=operator.go:319 component=thanosoperator msg="CRD API endpoints ready"
level=info ts=2020-09-16T15:55:30.72456039Z caller=operator.go:204 component=alertmanageroperator msg="connection established" cluster-version=v1.18.8
level=info ts=2020-09-16T15:55:30.724606774Z caller=operator.go:213 component=alertmanageroperator msg="CRD API endpoints ready"
E0916 15:55:30.829163       1 reflector.go:178] pkg/mod/k8s.io/client-go@v0.18.3/tools/cache/reflector.go:125: Failed to list *v1.ThanosRuler: thanosrulers.monitoring.coreos.com is forbidden: User "system:serviceaccount:monitoring:prometheus-operator" cannot list resource "thanosrulers" in API group "monitoring.coreos.com" at the cluster scope
E0916 15:55:30.831109       1 reflector.go:178] pkg/mod/k8s.io/client-go@v0.18.3/tools/cache/reflector.go:125: Failed to list *v1.Probe: probes.monitoring.coreos.com is forbidden: User "system:serviceaccount:monitoring:prometheus-operator" cannot list resource "probes" in API group "monitoring.coreos.com" at the cluster scope
level=info ts=2020-09-16T15:55:31.525140359Z caller=operator.go:175 component=alertmanageroperator msg="successfully synced all caches"
level=warn ts=2020-09-16T15:55:31.525364046Z caller=operator.go:482 component=alertmanageroperator msg="alertmanager key=monitoring/main, field spec.baseImage is deprecated, 'spec.image' field should be used instead"
level=info ts=2020-09-16T15:55:31.525460327Z caller=operator.go:424 component=alertmanageroperator msg="sync alertmanager" key=monitoring/main
level=info ts=2020-09-16T15:55:31.91794911Z caller=operator.go:424 component=alertmanageroperator msg="sync alertmanager" key=monitoring/main
level=info ts=2020-09-16T15:55:31.931865842Z caller=operator.go:424 component=alertmanageroperator msg="sync alertmanager" key=monitoring/main
E0916 15:55:31.982584       1 reflector.go:178] pkg/mod/k8s.io/client-go@v0.18.3/tools/cache/reflector.go:125: Failed to list *v1.Probe: probes.monitoring.coreos.com is forbidden: User "system:serviceaccount:monitoring:prometheus-operator" cannot list resource "probes" in API group "monitoring.coreos.com" at the cluster scope
E0916 15:55:32.162404       1 reflector.go:178] pkg/mod/k8s.io/client-go@v0.18.3/tools/cache/reflector.go:125: Failed to list *v1.ThanosRuler: thanosrulers.monitoring.coreos.com is forbidden: User "system:serviceaccount:monitoring:prometheus-operator" cannot list resource "thanosrulers" in API group "monitoring.coreos.com" at the cluster scope
E0916 15:55:34.036987       1 reflector.go:178] pkg/mod/k8s.io/client-go@v0.18.3/tools/cache/reflector.go:125: Failed to list *v1.Probe: probes.monitoring.coreos.com is forbidden: User "system:serviceaccount:monitoring:prometheus-operator" cannot list resource "probes" in API group "monitoring.coreos.com" at the cluster scope
E0916 15:55:34.233101       1 reflector.go:178] pkg/mod/k8s.io/client-go@v0.18.3/tools/cache/reflector.go:125: Failed to list *v1.ThanosRuler: thanosrulers.monitoring.coreos.com is forbidden: User "system:serviceaccount:monitoring:prometheus-operator" cannot list resource "thanosrulers" in API group "monitoring.coreos.com" at the cluster scope
level=info ts=2020-09-16T15:55:36.543155057Z caller=operator.go:424 component=alertmanageroperator msg="sync alertmanager" key=monitoring/main
level=info ts=2020-09-16T15:55:36.563520274Z caller=operator.go:424 component=alertmanageroperator msg="sync alertmanager" key=monitoring/main
E0916 15:55:38.133671       1 reflector.go:178] pkg/mod/k8s.io/client-go@v0.18.3/tools/cache/reflector.go:125: Failed to list *v1.ThanosRuler: thanosrulers.monitoring.coreos.com is forbidden: User "system:serviceaccount:monitoring:prometheus-operator" cannot list resource "thanosrulers" in API group "monitoring.coreos.com" at the cluster scope
level=info ts=2020-09-16T15:55:39.294739874Z caller=operator.go:424 component=alertmanageroperator msg="sync alertmanager" key=monitoring/main
level=info ts=2020-09-16T15:55:39.3129919Z caller=operator.go:424 component=alertmanageroperator msg="sync alertmanager" key=monitoring/main
E0916 15:55:39.411493       1 reflector.go:178] pkg/mod/k8s.io/client-go@v0.18.3/tools/cache/reflector.go:125: Failed to list *v1.Probe: probes.monitoring.coreos.com is forbidden: User "system:serviceaccount:monitoring:prometheus-operator" cannot list resource "probes" in API group "monitoring.coreos.com" at the cluster scope
level=info ts=2020-09-16T15:55:40.757210673Z caller=operator.go:424 component=alertmanageroperator msg="sync alertmanager" key=monitoring/main
level=info ts=2020-09-16T15:55:40.778509164Z caller=operator.go:424 component=alertmanageroperator msg="sync alertmanager" key=monitoring/main
E0916 15:55:45.835558       1 reflector.go:178] pkg/mod/k8s.io/client-go@v0.18.3/tools/cache/reflector.go:125: Failed to list *v1.ThanosRuler: thanosrulers.monitoring.coreos.com is forbidden: User "system:serviceaccount:monitoring:prometheus-operator" cannot list resource "thanosrulers" in API group "monitoring.coreos.com" at the cluster scope
E0916 15:55:48.122579       1 reflector.go:178] pkg/mod/k8s.io/client-go@v0.18.3/tools/cache/reflector.go:125: Failed to list *v1.Probe: probes.monitoring.coreos.com is forbidden: User "system:serviceaccount:monitoring:prometheus-operator" cannot list resource "probes" in API group "monitoring.coreos.com" at the cluster scope
E0916 15:56:05.942155       1 reflector.go:178] pkg/mod/k8s.io/client-go@v0.18.3/tools/cache/reflector.go:125: Failed to list *v1.ThanosRuler: thanosrulers.monitoring.coreos.com is forbidden: User "system:serviceaccount:monitoring:prometheus-operator" cannot list resource "thanosrulers" in API group "monitoring.coreos.com" at the cluster scope
E0916 15:56:11.963818       1 reflector.go:178] pkg/mod/k8s.io/client-go@v0.18.3/tools/cache/reflector.go:125: Failed to list *v1.Probe: probes.monitoring.coreos.com is forbidden: User "system:serviceaccount:monitoring:prometheus-operator" cannot list resource "probes" in API group "monitoring.coreos.com" at the cluster scope
E0916 15:56:39.047785       1 reflector.go:178] pkg/mod/k8s.io/client-go@v0.18.3/tools/cache/reflector.go:125: Failed to list *v1.ThanosRuler: thanosrulers.monitoring.coreos.com is forbidden: User "system:serviceaccount:monitoring:prometheus-operator" cannot list resource "thanosrulers" in API group "monitoring.coreos.com" at the cluster scope
E0916 15:56:45.170703       1 reflector.go:178] pkg/mod/k8s.io/client-go@v0.18.3/tools/cache/reflector.go:125: Failed to list *v1.Probe: probes.monitoring.coreos.com is forbidden: User "system:serviceaccount:monitoring:prometheus-operator" cannot list resource "probes" in API group "monitoring.coreos.com" at the cluster scope
E0916 15:57:21.370039       1 reflector.go:178] pkg/mod/k8s.io/client-go@v0.18.3/tools/cache/reflector.go:125: Failed to list *v1.Probe: probes.monitoring.coreos.com is forbidden: User "system:serviceaccount:monitoring:prometheus-operator" cannot list resource "probes" in API group "monitoring.coreos.com" at the cluster scope
E0916 15:57:31.626675       1 reflector.go:178] pkg/mod/k8s.io/client-go@v0.18.3/tools/cache/reflector.go:125: Failed to list *v1.ThanosRuler: thanosrulers.monitoring.coreos.com is forbidden: User "system:serviceaccount:monitoring:prometheus-operator" cannot list resource "thanosrulers" in API group "monitoring.coreos.com" at the cluster scope
E0916 15:58:17.331830       1 reflector.go:178] pkg/mod/k8s.io/client-go@v0.18.3/tools/cache/reflector.go:125: Failed to list *v1.Probe: probes.monitoring.coreos.com is forbidden: User "system:serviceaccount:monitoring:prometheus-operator" cannot list resource "probes" in API group "monitoring.coreos.com" at the cluster scope
E0916 15:58:22.529590       1 reflector.go:178] pkg/mod/k8s.io/client-go@v0.18.3/tools/cache/reflector.go:125: Failed to list *v1.ThanosRuler: thanosrulers.monitoring.coreos.com is forbidden: User "system:serviceaccount:monitoring:prometheus-operator" cannot list resource "thanosrulers" in API group "monitoring.coreos.com" at the cluster scope
E0916 15:58:53.380511       1 reflector.go:178] pkg/mod/k8s.io/client-go@v0.18.3/tools/cache/reflector.go:125: Failed to list *v1.ThanosRuler: thanosrulers.monitoring.coreos.com is forbidden: User "system:serviceaccount:monitoring:prometheus-operator" cannot list resource "thanosrulers" in API group "monitoring.coreos.com" at the cluster scope
E0916 15:59:03.047827       1 reflector.go:178] pkg/mod/k8s.io/client-go@v0.18.3/tools/cache/reflector.go:125: Failed to list *v1.Probe: probes.monitoring.coreos.com is forbidden: User "system:serviceaccount:monitoring:prometheus-operator" cannot list resource "probes" in API group "monitoring.coreos.com" at the cluster scope
E0916 15:59:28.132234       1 reflector.go:178] pkg/mod/k8s.io/client-go@v0.18.3/tools/cache/reflector.go:125: Failed to list *v1.ThanosRuler: thanosrulers.monitoring.coreos.com is forbidden: User "system:serviceaccount:monitoring:prometheus-operator" cannot list resource "thanosrulers" in API group "monitoring.coreos.com" at the cluster scope
E0916 15:59:51.267251       1 reflector.go:178] pkg/mod/k8s.io/client-go@v0.18.3/tools/cache/reflector.go:125: Failed to list *v1.Probe: probes.monitoring.coreos.com is forbidden: User "system:serviceaccount:monitoring:prometheus-operator" cannot list resource "probes" in API group "monitoring.coreos.com" at the cluster scope
E0916 16:00:23.652501       1 reflector.go:178] pkg/mod/k8s.io/client-go@v0.18.3/tools/cache/reflector.go:125: Failed to list *v1.Probe: probes.monitoring.coreos.com is forbidden: User "system:serviceaccount:monitoring:prometheus-operator" cannot list resource "probes" in API group "monitoring.coreos.com" at the cluster scope
E0916 16:00:27.391197       1 reflector.go:178] pkg/mod/k8s.io/client-go@v0.18.3/tools/cache/reflector.go:125: Failed to list *v1.ThanosRuler: thanosrulers.monitoring.coreos.com is forbidden: User "system:serviceaccount:monitoring:prometheus-operator" cannot list resource "thanosrulers" in API group "monitoring.coreos.com" at the cluster scope
E0916 16:00:59.166011       1 reflector.go:178] pkg/mod/k8s.io/client-go@v0.18.3/tools/cache/reflector.go:125: Failed to list *v1.ThanosRuler: thanosrulers.monitoring.coreos.com is forbidden: User "system:serviceaccount:monitoring:prometheus-operator" cannot list resource "thanosrulers" in API group "monitoring.coreos.com" at the cluster scope
E0916 16:01:11.498392       1 reflector.go:178] pkg/mod/k8s.io/client-go@v0.18.3/tools/cache/reflector.go:125: Failed to list *v1.Probe: probes.monitoring.coreos.com is forbidden: User "system:serviceaccount:monitoring:prometheus-operator" cannot list resource "probes" in API group "monitoring.coreos.com" at the cluster scope
E0916 16:01:38.213438       1 reflector.go:178] pkg/mod/k8s.io/client-go@v0.18.3/tools/cache/reflector.go:125: Failed to list *v1.ThanosRuler: thanosrulers.monitoring.coreos.com is forbidden: User "system:serviceaccount:monitoring:prometheus-operator" cannot list resource "thanosrulers" in API group "monitoring.coreos.com" at the cluster scope
